val avg prec/f1/recall:   0.7024856951608452 0.7745097206244546 0.8699809930497601
test prec/f1/recall:  0.8491048812866211 0.8847435116767883 0.9235048890113831
[I 2023-11-30 03:02:18,989] Trial 1147 finished with value: 0.39457809925079346 and parameters: {'batch_size': 2258, 'dropout_rate': 0.06302168486964348, 'learning_rate': 0.0013990303296766969, 'n_layers': 3, 'n_units_l0': 250, 'n_units_l1': 248, 'n_units_l2': 256, 'num_epochs': 186, 'optimizer': 'Adam', 'positivecase_weight_up': 1.0402287778159327}. Best is trial 1147 with value: 0.39457809925079346.

val avg prec/f1/recall:   0.7077202145288239 0.7600919896208528 0.828640197362028
test prec/f1/recall:  0.8806970715522766 0.8969283103942871 0.9137691259384155
[I 2023-11-30 04:07:03,333] Trial 1581 finished with value: 0.37728121876716614 and parameters: {'batch_size': 1750, 'dropout_rate': 0.012042462538789234, 'learning_rate': 0.0009525930455020775, 'n_layers': 3, 'n_units_l0': 224, 'n_units_l1': 249, 'n_units_l2': 205, 'num_epochs': 134, 'optimizer': 'Adam', 'positivecase_weight_up': 1.064119541426676}. Best is trial 1581 with value: 0.37728121876716614.

val avg prec/f1/recall:   0.7178769307831924 0.7661094204212229 0.8295883920975029
test prec/f1/recall:  0.8710106611251831 0.8905506730079651 0.9109874963760376
[I 2023-11-30 05:33:13,174] Trial 2151 finished with value: 0.3772261440753937 and parameters: {'batch_size': 1905, 'dropout_rate': 0.031530350666918866, 'learning_rate': 0.0009069923197838997, 'n_layers': 3, 'n_units_l0': 252, 'n_units_l1': 218, 'n_units_l2': 193, 'num_epochs': 120, 'optimizer': 'Adam', 'positivecase_weight_up': 1.0399066289830337}. Best is trial 2151 with value: 0.3772261440753937.

val avg prec/f1/recall:   0.7254383661065783 0.7959342825412751 0.8893078852977071
test prec/f1/recall:  0.8386699557304382 0.8896146416664124 0.9471487998962402
[I 2023-11-30 06:34:39,882] Trial 2616 finished with value: 0.37517139315605164 and parameters: {'batch_size': 1761, 'dropout_rate': 0.024316601177413015, 'learning_rate': 0.0015675716967094436, 'n_layers': 3, 'n_units_l0': 211, 'n_units_l1': 206, 'n_units_l2': 256, 'num_epochs': 175, 'optimizer': 'Adam', 'positivecase_weight_up': 1.0147883371324216}. Best is trial 2616 with value: 0.37517139315605164.

val avg prec/f1/recall:   0.7357963158024682 0.7748654501197895 0.8382316197945598
test prec/f1/recall:  0.8642297387123108 0.8915824890136719 0.9207231998443604
[I 2023-11-30 06:47:29,329] Trial 2719 finished with value: 0.36676299571990967 and parameters: {'batch_size': 2535, 'dropout_rate': 0.00687918829653645, 'learning_rate': 0.0014290202797121545, 'n_layers': 4, 'n_units_l0': 203, 'n_units_l1': 194, 'n_units_l2': 234, 'n_units_l3': 116, 'num_epochs': 108, 'optimizer': 'Adam', 'positivecase_weight_up': 1.017085776928788}. Best is trial 2719 with value: 0.36676299571990967.